#
# There is insufficient memory for the Java Runtime Environment to continue.
# Native memory allocation (malloc) failed to allocate 585856 bytes for Chunk::new
# Possible reasons:
#   The system is out of physical RAM or swap space
#   The process is running with CompressedOops enabled, and the Java Heap may be blocking the growth of the native heap
# Possible solutions:
#   Reduce memory load on the system
#   Increase physical memory or swap space
#   Check if swap backing store is full
#   Decrease Java heap size (-Xmx/-Xms)
#   Decrease number of Java threads
#   Decrease Java thread stack sizes (-Xss)
#   Set larger code cache with -XX:ReservedCodeCacheSize=
#   JVM is running with Unscaled Compressed Oops mode in which the Java heap is
#     placed in the first 4GB address space. The Java Heap base address is the
#     maximum limit for the native heap growth. Please use -XX:HeapBaseMinAddress
#     to set the Java Heap base and to place the Java Heap above 4GB virtual address.
# This output file may be truncated or incomplete.
#
#  Out of Memory Error (./src/hotspot/share/memory/arena.cpp:197), pid=22804, tid=20336
#
# JRE version: OpenJDK Runtime Environment (11.0.10) (build 11.0.10+0-b96-7249189)
# Java VM: OpenJDK 64-Bit Server VM (11.0.10+0-b96-7249189, mixed mode, tiered, compressed oops, g1 gc, windows-amd64)
# No core dump will be written. Minidumps are not enabled by default on client versions of Windows
#

---------------  S U M M A R Y ------------

Command Line: --add-opens=java.base/java.util=ALL-UNNAMED --add-opens=java.base/java.lang=ALL-UNNAMED --add-opens=java.base/java.lang.invoke=ALL-UNNAMED --add-opens=java.prefs/java.util.prefs=ALL-UNNAMED -Xmx1536m -Dfile.encoding=x-windows-949 -Duser.country=KR -Duser.language=ko -Duser.variant org.gradle.launcher.daemon.bootstrap.GradleDaemon 5.6.4

Host: Intel(R) Core(TM) i5-1035G4 CPU @ 1.10GHz, 8 cores, 7G,  Windows 10 , 64 bit Build 19041 (10.0.19041.1348)
Time: Sat Nov 27 16:48:16 2021 대한민국 표준시 elapsed time: 5.960254 seconds (0d 0h 0m 5s)

---------------  T H R E A D  ---------------

Current thread (0x00000167285e1800):  JavaThread "C2 CompilerThread1" daemon [_thread_in_native, id=20336, stack(0x0000003ba1100000,0x0000003ba1200000)]


Current CompileTask:
C2:   5960 2732  s!   4       jdk.internal.loader.URLClassPath::getLoader (194 bytes)

Stack: [0x0000003ba1100000,0x0000003ba1200000]
Native frames: (J=compiled Java code, j=interpreted, Vv=VM code, C=native code)
V  [jvm.dll+0x5ecfaa]
V  [jvm.dll+0x722bd5]
V  [jvm.dll+0x72412d]
V  [jvm.dll+0x7247e3]
V  [jvm.dll+0x242928]
V  [jvm.dll+0xbc4fc]
V  [jvm.dll+0xbca0c]
V  [jvm.dll+0x2b4fd4]
V  [jvm.dll+0x506028]
V  [jvm.dll+0x203253]
V  [jvm.dll+0x1fd07c]
V  [jvm.dll+0x1fa77f]
V  [jvm.dll+0x18354c]
V  [jvm.dll+0x208ee7]
V  [jvm.dll+0x207731]
V  [jvm.dll+0x6eb1cf]
V  [jvm.dll+0x6e3d45]
V  [jvm.dll+0x5ebe96]
C  [ucrtbase.dll+0x21bb2]
C  [KERNEL32.DLL+0x17034]
C  [ntdll.dll+0x52651]


---------------  P R O C E S S  ---------------

Threads class SMR info:
_java_thread_list=0x0000016728f54f00, length=25, elements={
0x000001670c94e000, 0x0000016725ac1800, 0x0000016725ac3000, 0x0000016725adb800,
0x0000016725ae1800, 0x0000016725ae2800, 0x0000016725ae6000, 0x0000016725aea000,
0x0000016725aec000, 0x0000016726547000, 0x000001672815e800, 0x0000016727be3800,
0x000001672784d000, 0x0000016727caf800, 0x0000016728650800, 0x00000167273d3800,
0x0000016728380000, 0x00000167286c1000, 0x00000167280d4000, 0x00000167280d2800,
0x00000167280d1000, 0x00000167280d1800, 0x00000167280d3000, 0x00000167285e1800,
0x00000167280d5000
}

Java Threads: ( => current thread )
  0x000001670c94e000 JavaThread "main" [_thread_blocked, id=17264, stack(0x0000003b9eb00000,0x0000003b9ec00000)]
  0x0000016725ac1800 JavaThread "Reference Handler" daemon [_thread_blocked, id=12436, stack(0x0000003b9f200000,0x0000003b9f300000)]
  0x0000016725ac3000 JavaThread "Finalizer" daemon [_thread_blocked, id=25280, stack(0x0000003b9f300000,0x0000003b9f400000)]
  0x0000016725adb800 JavaThread "Signal Dispatcher" daemon [_thread_blocked, id=18880, stack(0x0000003b9f400000,0x0000003b9f500000)]
  0x0000016725ae1800 JavaThread "Attach Listener" daemon [_thread_blocked, id=13764, stack(0x0000003b9f500000,0x0000003b9f600000)]
  0x0000016725ae2800 JavaThread "Service Thread" daemon [_thread_blocked, id=22984, stack(0x0000003b9f600000,0x0000003b9f700000)]
  0x0000016725ae6000 JavaThread "C2 CompilerThread0" daemon [_thread_in_native, id=21384, stack(0x0000003b9f700000,0x0000003b9f800000)]
  0x0000016725aea000 JavaThread "C1 CompilerThread0" daemon [_thread_in_vm, id=22948, stack(0x0000003b9f800000,0x0000003b9f900000)]
  0x0000016725aec000 JavaThread "Sweeper thread" daemon [_thread_blocked, id=23428, stack(0x0000003b9f900000,0x0000003b9fa00000)]
  0x0000016726547000 JavaThread "Common-Cleaner" daemon [_thread_blocked, id=24164, stack(0x0000003b9fa00000,0x0000003b9fb00000)]
  0x000001672815e800 JavaThread "Daemon health stats" [_thread_blocked, id=6996, stack(0x0000003b9ff00000,0x0000003ba0000000)]
  0x0000016727be3800 JavaThread "Incoming local TCP Connector on port 10593" [_thread_in_native, id=25000, stack(0x0000003b9fc00000,0x0000003b9fd00000)]
  0x000001672784d000 JavaThread "Daemon periodic checks" [_thread_blocked, id=20376, stack(0x0000003ba0000000,0x0000003ba0100000)]
  0x0000016727caf800 JavaThread "Daemon" [_thread_blocked, id=3792, stack(0x0000003ba0100000,0x0000003ba0200000)]
  0x0000016728650800 JavaThread "Handler for socket connection from /127.0.0.1:10593 to /127.0.0.1:10594" [_thread_in_native, id=23472, stack(0x0000003ba0200000,0x0000003ba0300000)]
  0x00000167273d3800 JavaThread "Cancel handler" [_thread_blocked, id=24292, stack(0x0000003ba0300000,0x0000003ba0400000)]
  0x0000016728380000 JavaThread "Daemon worker" [_thread_in_vm, id=15504, stack(0x0000003ba0400000,0x0000003ba0500000)]
  0x00000167286c1000 JavaThread "Asynchronous log dispatcher for DefaultDaemonConnection: socket connection from /127.0.0.1:10593 to /127.0.0.1:10594" [_thread_blocked, id=25488, stack(0x0000003ba0500000,0x0000003ba0600000)]
  0x00000167280d4000 JavaThread "Stdin handler" [_thread_blocked, id=22692, stack(0x0000003ba0600000,0x0000003ba0700000)]
  0x00000167280d2800 JavaThread "Thread-8" [_thread_blocked, id=20512, stack(0x0000003ba0700000,0x0000003ba0800000)]
  0x00000167280d1000 JavaThread "Cache worker for file hash cache (C:\Users\CS\.gradle\caches\5.6.4\fileHashes)" [_thread_blocked, id=25556, stack(0x0000003ba0800000,0x0000003ba0900000)]
  0x00000167280d1800 JavaThread "File lock request listener" [_thread_in_native, id=23736, stack(0x0000003ba0900000,0x0000003ba0a00000)]
  0x00000167280d3000 JavaThread "Cache worker for journal cache (C:\Users\CS\.gradle\caches\journal-1)" [_thread_blocked, id=3552, stack(0x0000003ba0a00000,0x0000003ba0b00000)]
=>0x00000167285e1800 JavaThread "C2 CompilerThread1" daemon [_thread_in_native, id=20336, stack(0x0000003ba1100000,0x0000003ba1200000)]
  0x00000167280d5000 JavaThread "Cache worker for file hash cache (E:\Work\Hongong\Hongong\.gradle\5.6.4\fileHashes)" [_thread_blocked, id=12484, stack(0x0000003ba1200000,0x0000003ba1300000)]

Other Threads:
  0x0000016725a9d800 VMThread "VM Thread" [stack: 0x0000003b9f100000,0x0000003b9f200000] [id=20492]
  0x0000016726554800 WatcherThread [stack: 0x0000003b9fb00000,0x0000003b9fc00000] [id=14712]
  0x000001670c967800 GCTaskThread "GC Thread#0" [stack: 0x0000003b9ec00000,0x0000003b9ed00000] [id=15648]
  0x000001672734a800 GCTaskThread "GC Thread#1" [stack: 0x0000003b9fd00000,0x0000003b9fe00000] [id=9468]
  0x0000016726edf800 GCTaskThread "GC Thread#2" [stack: 0x0000003b9fe00000,0x0000003b9ff00000] [id=25200]
  0x000001672873f800 GCTaskThread "GC Thread#3" [stack: 0x0000003ba0b00000,0x0000003ba0c00000] [id=2656]
  0x0000016727fc9800 GCTaskThread "GC Thread#4" [stack: 0x0000003ba0c00000,0x0000003ba0d00000] [id=20208]
  0x0000016727d28800 GCTaskThread "GC Thread#5" [stack: 0x0000003ba0d00000,0x0000003ba0e00000] [id=23284]
  0x0000016727d29000 GCTaskThread "GC Thread#6" [stack: 0x0000003ba0e00000,0x0000003ba0f00000] [id=25252]
  0x00000167280ce000 GCTaskThread "GC Thread#7" [stack: 0x0000003ba0f00000,0x0000003ba1000000] [id=23524]
  0x000001670c990000 ConcurrentGCThread "G1 Main Marker" [stack: 0x0000003b9ed00000,0x0000003b9ee00000] [id=15396]
  0x000001670c992800 ConcurrentGCThread "G1 Conc#0" [stack: 0x0000003b9ee00000,0x0000003b9ef00000] [id=25420]
  0x00000167285a6000 ConcurrentGCThread "G1 Conc#1" [stack: 0x0000003ba1000000,0x0000003ba1100000] [id=24100]
  0x000001670ca1f800 ConcurrentGCThread "G1 Refine#0" [stack: 0x0000003b9ef00000,0x0000003b9f000000] [id=9940]
  0x0000016725910800 ConcurrentGCThread "G1 Young RemSet Sampling" [stack: 0x0000003b9f000000,0x0000003b9f100000] [id=22556]

Threads with active compile tasks:
C2 CompilerThread0   5990 2791       4       org.gradle.internal.logging.text.AbstractLineChoppingStyledTextOutput::doAppend (43 bytes)
C1 CompilerThread0   5990 2838       3       org.gradle.internal.io.StreamByteBuffer::allocateSpace (74 bytes)
C2 CompilerThread1   5990 2732  s!   4       jdk.internal.loader.URLClassPath::getLoader (194 bytes)

VM state:not at safepoint (normal execution)

VM Mutex/Monitor currently owned by a thread: None

OutOfMemory and StackOverflow Exception counts:
OutOfMemoryError java_heap_errors=1
LinkageErrors=44

Heap address: 0x00000000a0000000, size: 1536 MB, Compressed Oops mode: 32-bit
Narrow klass base: 0x0000000000000000, Narrow klass shift: 3
Compressed class space size: 1073741824 Address: 0x0000000100000000

Heap:
 garbage-first heap   total 129024K, used 39722K [0x00000000a0000000, 0x0000000100000000)
  region size 1024K, 10 young (10240K), 3 survivors (3072K)
 Metaspace       used 36153K, capacity 36864K, committed 36992K, reserved 1081344K
  class space    used 4528K, capacity 4769K, committed 4864K, reserved 1048576K
Heap Regions: E=young(eden), S=young(survivor), O=old, HS=humongous(starts), HC=humongous(continues), CS=collection set, F=free, A=archive, TAMS=top-at-mark-start (previous, next)
|   0|0x00000000a0000000, 0x00000000a0100000, 0x00000000a0100000|100%| O|  |TAMS 0x00000000a0100000, 0x00000000a0000000| Untracked 
|   1|0x00000000a0100000, 0x00000000a0200000, 0x00000000a0200000|100%| O|  |TAMS 0x00000000a0200000, 0x00000000a0100000| Untracked 
|   2|0x00000000a0200000, 0x00000000a0300000, 0x00000000a0300000|100%| O|  |TAMS 0x00000000a0300000, 0x00000000a0200000| Untracked 
|   3|0x00000000a0300000, 0x00000000a0400000, 0x00000000a0400000|100%|HS|  |TAMS 0x00000000a0400000, 0x00000000a0300000| Complete 
|   4|0x00000000a0400000, 0x00000000a0500000, 0x00000000a0500000|100%|HC|  |TAMS 0x00000000a0500000, 0x00000000a0400000| Complete 
|   5|0x00000000a0500000, 0x00000000a0600000, 0x00000000a0600000|100%|HC|  |TAMS 0x00000000a0600000, 0x00000000a0500000| Complete 
|   6|0x00000000a0600000, 0x00000000a0700000, 0x00000000a0700000|100%| O|  |TAMS 0x00000000a0700000, 0x00000000a0600000| Untracked 
|   7|0x00000000a0700000, 0x00000000a07ffff8, 0x00000000a0800000| 99%| O|  |TAMS 0x00000000a07ffff8, 0x00000000a0700000| Untracked 
|   8|0x00000000a0800000, 0x00000000a0900000, 0x00000000a0900000|100%| O|  |TAMS 0x00000000a0900000, 0x00000000a0800000| Untracked 
|   9|0x00000000a0900000, 0x00000000a0a00000, 0x00000000a0a00000|100%| O|  |TAMS 0x00000000a0a00000, 0x00000000a0900000| Untracked 
|  10|0x00000000a0a00000, 0x00000000a0b00000, 0x00000000a0b00000|100%| O|  |TAMS 0x00000000a0b00000, 0x00000000a0a00000| Untracked 
|  11|0x00000000a0b00000, 0x00000000a0c00000, 0x00000000a0c00000|100%| O|  |TAMS 0x00000000a0c00000, 0x00000000a0b00000| Untracked 
|  12|0x00000000a0c00000, 0x00000000a0d00000, 0x00000000a0d00000|100%| O|  |TAMS 0x00000000a0d00000, 0x00000000a0c00000| Untracked 
|  13|0x00000000a0d00000, 0x00000000a0e00000, 0x00000000a0e00000|100%| O|  |TAMS 0x00000000a0e00000, 0x00000000a0d00000| Untracked 
|  14|0x00000000a0e00000, 0x00000000a0f00000, 0x00000000a0f00000|100%| O|  |TAMS 0x00000000a0f00000, 0x00000000a0e00000| Untracked 
|  15|0x00000000a0f00000, 0x00000000a1000000, 0x00000000a1000000|100%|HS|  |TAMS 0x00000000a1000000, 0x00000000a0f00000| Complete 
|  16|0x00000000a1000000, 0x00000000a1100000, 0x00000000a1100000|100%|HC|  |TAMS 0x00000000a1100000, 0x00000000a1000000| Complete 
|  17|0x00000000a1100000, 0x00000000a1200000, 0x00000000a1200000|100%|HS|  |TAMS 0x00000000a1200000, 0x00000000a1100000| Complete 
|  18|0x00000000a1200000, 0x00000000a1300000, 0x00000000a1300000|100%|HC|  |TAMS 0x00000000a1300000, 0x00000000a1200000| Complete 
|  19|0x00000000a1300000, 0x00000000a1400000, 0x00000000a1400000|100%|HC|  |TAMS 0x00000000a1400000, 0x00000000a1300000| Complete 
|  20|0x00000000a1400000, 0x00000000a1500000, 0x00000000a1500000|100%|HS|  |TAMS 0x00000000a1500000, 0x00000000a1400000| Complete 
|  21|0x00000000a1500000, 0x00000000a1600000, 0x00000000a1600000|100%|HC|  |TAMS 0x00000000a1600000, 0x00000000a1500000| Complete 
|  22|0x00000000a1600000, 0x00000000a1700000, 0x00000000a1700000|100%|HC|  |TAMS 0x00000000a1700000, 0x00000000a1600000| Complete 
|  23|0x00000000a1700000, 0x00000000a1800000, 0x00000000a1800000|100%|HC|  |TAMS 0x00000000a1800000, 0x00000000a1700000| Complete 
|  24|0x00000000a1800000, 0x00000000a1900000, 0x00000000a1900000|100%|HC|  |TAMS 0x00000000a1900000, 0x00000000a1800000| Complete 
|  25|0x00000000a1900000, 0x00000000a1900000, 0x00000000a1a00000|  0%| F|  |TAMS 0x00000000a1900000, 0x00000000a1900000| Untracked 
|  26|0x00000000a1a00000, 0x00000000a1a00000, 0x00000000a1b00000|  0%| F|  |TAMS 0x00000000a1a00000, 0x00000000a1a00000| Untracked 
|  27|0x00000000a1b00000, 0x00000000a1b00000, 0x00000000a1c00000|  0%| F|  |TAMS 0x00000000a1b00000, 0x00000000a1b00000| Untracked 
|  28|0x00000000a1c00000, 0x00000000a1d00000, 0x00000000a1d00000|100%| O|  |TAMS 0x00000000a1d00000, 0x00000000a1c00000| Untracked 
|  29|0x00000000a1d00000, 0x00000000a1e00000, 0x00000000a1e00000|100%| O|  |TAMS 0x00000000a1e00000, 0x00000000a1d00000| Untracked 
|  30|0x00000000a1e00000, 0x00000000a1f00000, 0x00000000a1f00000|100%| O|  |TAMS 0x00000000a1f00000, 0x00000000a1e00000| Untracked 
|  31|0x00000000a1f00000, 0x00000000a2000000, 0x00000000a2000000|100%| O|  |TAMS 0x00000000a2000000, 0x00000000a1f00000| Untracked 
|  32|0x00000000a2000000, 0x00000000a2100000, 0x00000000a2100000|100%| O|  |TAMS 0x00000000a2100000, 0x00000000a2000000| Untracked 
|  33|0x00000000a2100000, 0x00000000a2114000, 0x00000000a2200000|  7%| O|  |TAMS 0x00000000a2114000, 0x00000000a2100000| Untracked 
|  34|0x00000000a2200000, 0x00000000a2200000, 0x00000000a2300000|  0%| F|  |TAMS 0x00000000a2200000, 0x00000000a2200000| Untracked 
|  35|0x00000000a2300000, 0x00000000a2300000, 0x00000000a2400000|  0%| F|  |TAMS 0x00000000a2300000, 0x00000000a2300000| Untracked 
|  36|0x00000000a2400000, 0x00000000a2400000, 0x00000000a2500000|  0%| F|  |TAMS 0x00000000a2400000, 0x00000000a2400000| Untracked 
|  37|0x00000000a2500000, 0x00000000a2500000, 0x00000000a2600000|  0%| F|  |TAMS 0x00000000a2500000, 0x00000000a2500000| Untracked 
|  38|0x00000000a2600000, 0x00000000a2600000, 0x00000000a2700000|  0%| F|  |TAMS 0x00000000a2600000, 0x00000000a2600000| Untracked 
|  39|0x00000000a2700000, 0x00000000a2700000, 0x00000000a2800000|  0%| F|  |TAMS 0x00000000a2700000, 0x00000000a2700000| Untracked 
|  40|0x00000000a2800000, 0x00000000a2800000, 0x00000000a2900000|  0%| F|  |TAMS 0x00000000a2800000, 0x00000000a2800000| Untracked 
|  41|0x00000000a2900000, 0x00000000a2900000, 0x00000000a2a00000|  0%| F|  |TAMS 0x00000000a2900000, 0x00000000a2900000| Untracked 
|  42|0x00000000a2a00000, 0x00000000a2a00000, 0x00000000a2b00000|  0%| F|  |TAMS 0x00000000a2a00000, 0x00000000a2a00000| Untracked 
|  43|0x00000000a2b00000, 0x00000000a2b00000, 0x00000000a2c00000|  0%| F|  |TAMS 0x00000000a2b00000, 0x00000000a2b00000| Untracked 
|  44|0x00000000a2c00000, 0x00000000a2c00000, 0x00000000a2d00000|  0%| F|  |TAMS 0x00000000a2c00000, 0x00000000a2c00000| Untracked 
|  45|0x00000000a2d00000, 0x00000000a2d00000, 0x00000000a2e00000|  0%| F|  |TAMS 0x00000000a2d00000, 0x00000000a2d00000| Untracked 
|  46|0x00000000a2e00000, 0x00000000a2e00000, 0x00000000a2f00000|  0%| F|  |TAMS 0x00000000a2e00000, 0x00000000a2e00000| Untracked 
|  47|0x00000000a2f00000, 0x00000000a2f00000, 0x00000000a3000000|  0%| F|  |TAMS 0x00000000a2f00000, 0x00000000a2f00000| Untracked 
|  48|0x00000000a3000000, 0x00000000a3000000, 0x00000000a3100000|  0%| F|  |TAMS 0x00000000a3000000, 0x00000000a3000000| Untracked 
|  49|0x00000000a3100000, 0x00000000a3100000, 0x00000000a3200000|  0%| F|  |TAMS 0x00000000a3100000, 0x00000000a3100000| Untracked 
|  50|0x00000000a3200000, 0x00000000a3200000, 0x00000000a3300000|  0%| F|  |TAMS 0x00000000a3200000, 0x00000000a3200000| Untracked 
|  51|0x00000000a3300000, 0x00000000a3300000, 0x00000000a3400000|  0%| F|  |TAMS 0x00000000a3300000, 0x00000000a3300000| Untracked 
|  52|0x00000000a3400000, 0x00000000a3400000, 0x00000000a3500000|  0%| F|  |TAMS 0x00000000a3400000, 0x00000000a3400000| Untracked 
|  53|0x00000000a3500000, 0x00000000a3500000, 0x00000000a3600000|  0%| F|  |TAMS 0x00000000a3500000, 0x00000000a3500000| Untracked 
|  54|0x00000000a3600000, 0x00000000a3600000, 0x00000000a3700000|  0%| F|  |TAMS 0x00000000a3600000, 0x00000000a3600000| Untracked 
|  55|0x00000000a3700000, 0x00000000a3700000, 0x00000000a3800000|  0%| F|  |TAMS 0x00000000a3700000, 0x00000000a3700000| Untracked 
|  56|0x00000000a3800000, 0x00000000a3800000, 0x00000000a3900000|  0%| F|  |TAMS 0x00000000a3800000, 0x00000000a3800000| Untracked 
|  57|0x00000000a3900000, 0x00000000a3900000, 0x00000000a3a00000|  0%| F|  |TAMS 0x00000000a3900000, 0x00000000a3900000| Untracked 
|  58|0x00000000a3a00000, 0x00000000a3a00000, 0x00000000a3b00000|  0%| F|  |TAMS 0x00000000a3a00000, 0x00000000a3a00000| Untracked 
|  59|0x00000000a3b00000, 0x00000000a3b00000, 0x00000000a3c00000|  0%| F|  |TAMS 0x00000000a3b00000, 0x00000000a3b00000| Untracked 
|  60|0x00000000a3c00000, 0x00000000a3c00000, 0x00000000a3d00000|  0%| F|  |TAMS 0x00000000a3c00000, 0x00000000a3c00000| Untracked 
|  61|0x00000000a3d00000, 0x00000000a3d00000, 0x00000000a3e00000|  0%| F|  |TAMS 0x00000000a3d00000, 0x00000000a3d00000| Untracked 
|  62|0x00000000a3e00000, 0x00000000a3e00000, 0x00000000a3f00000|  0%| F|  |TAMS 0x00000000a3e00000, 0x00000000a3e00000| Untracked 
|  63|0x00000000a3f00000, 0x00000000a3f00000, 0x00000000a4000000|  0%| F|  |TAMS 0x00000000a3f00000, 0x00000000a3f00000| Untracked 
|  64|0x00000000a4000000, 0x00000000a4000000, 0x00000000a4100000|  0%| F|  |TAMS 0x00000000a4000000, 0x00000000a4000000| Untracked 
|  65|0x00000000a4100000, 0x00000000a4100000, 0x00000000a4200000|  0%| F|  |TAMS 0x00000000a4100000, 0x00000000a4100000| Untracked 
|  66|0x00000000a4200000, 0x00000000a4200000, 0x00000000a4300000|  0%| F|  |TAMS 0x00000000a4200000, 0x00000000a4200000| Untracked 
|  67|0x00000000a4300000, 0x00000000a4300000, 0x00000000a4400000|  0%| F|  |TAMS 0x00000000a4300000, 0x00000000a4300000| Untracked 
|  68|0x00000000a4400000, 0x00000000a4400000, 0x00000000a4500000|  0%| F|  |TAMS 0x00000000a4400000, 0x00000000a4400000| Untracked 
|  69|0x00000000a4500000, 0x00000000a4500000, 0x00000000a4600000|  0%| F|  |TAMS 0x00000000a4500000, 0x00000000a4500000| Untracked 
|  70|0x00000000a4600000, 0x00000000a4600000, 0x00000000a4700000|  0%| F|  |TAMS 0x00000000a4600000, 0x00000000a4600000| Untracked 
|  71|0x00000000a4700000, 0x00000000a4700000, 0x00000000a4800000|  0%| F|  |TAMS 0x00000000a4700000, 0x00000000a4700000| Untracked 
|  72|0x00000000a4800000, 0x00000000a4800000, 0x00000000a4900000|  0%| F|  |TAMS 0x00000000a4800000, 0x00000000a4800000| Untracked 
|  73|0x00000000a4900000, 0x00000000a4900000, 0x00000000a4a00000|  0%| F|  |TAMS 0x00000000a4900000, 0x00000000a4900000| Untracked 
|  74|0x00000000a4a00000, 0x00000000a4a00000, 0x00000000a4b00000|  0%| F|  |TAMS 0x00000000a4a00000, 0x00000000a4a00000| Untracked 
|  75|0x00000000a4b00000, 0x00000000a4b00000, 0x00000000a4c00000|  0%| F|  |TAMS 0x00000000a4b00000, 0x00000000a4b00000| Untracked 
|  76|0x00000000a4c00000, 0x00000000a4c00000, 0x00000000a4d00000|  0%| F|  |TAMS 0x00000000a4c00000, 0x00000000a4c00000| Untracked 
|  77|0x00000000a4d00000, 0x00000000a4d00000, 0x00000000a4e00000|  0%| F|  |TAMS 0x00000000a4d00000, 0x00000000a4d00000| Untracked 
|  78|0x00000000a4e00000, 0x00000000a4e00000, 0x00000000a4f00000|  0%| F|  |TAMS 0x00000000a4e00000, 0x00000000a4e00000| Untracked 
|  79|0x00000000a4f00000, 0x00000000a4f00000, 0x00000000a5000000|  0%| F|  |TAMS 0x00000000a4f00000, 0x00000000a4f00000| Untracked 
|  80|0x00000000a5000000, 0x00000000a5000000, 0x00000000a5100000|  0%| F|  |TAMS 0x00000000a5000000, 0x00000000a5000000| Untracked 
|  81|0x00000000a5100000, 0x00000000a5100000, 0x00000000a5200000|  0%| F|  |TAMS 0x00000000a5100000, 0x00000000a5100000| Untracked 
|  82|0x00000000a5200000, 0x00000000a5200000, 0x00000000a5300000|  0%| F|  |TAMS 0x00000000a5200000, 0x00000000a5200000| Untracked 
|  83|0x00000000a5300000, 0x00000000a53b68d8, 0x00000000a5400000| 71%| S|CS|TAMS 0x00000000a5300000, 0x00000000a5300000| Complete 
|  84|0x00000000a5400000, 0x00000000a5500000, 0x00000000a5500000|100%| S|CS|TAMS 0x00000000a5400000, 0x00000000a5400000| Complete 
|  85|0x00000000a5500000, 0x00000000a5600000, 0x00000000a5600000|100%| S|CS|TAMS 0x00000000a5500000, 0x00000000a5500000| Complete 
|  86|0x00000000a5600000, 0x00000000a5600000, 0x00000000a5700000|  0%| F|  |TAMS 0x00000000a5600000, 0x00000000a5600000| Untracked 
|  87|0x00000000a5700000, 0x00000000a5700000, 0x00000000a5800000|  0%| F|  |TAMS 0x00000000a5700000, 0x00000000a5700000| Untracked 
|  88|0x00000000a5800000, 0x00000000a5800000, 0x00000000a5900000|  0%| F|  |TAMS 0x00000000a5800000, 0x00000000a5800000| Untracked 
|  89|0x00000000a5900000, 0x00000000a5900000, 0x00000000a5a00000|  0%| F|  |TAMS 0x00000000a5900000, 0x00000000a5900000| Untracked 
|  90|0x00000000a5a00000, 0x00000000a5a00000, 0x00000000a5b00000|  0%| F|  |TAMS 0x00000000a5a00000, 0x00000000a5a00000| Untracked 
|  91|0x00000000a5b00000, 0x00000000a5b00000, 0x00000000a5c00000|  0%| F|  |TAMS 0x00000000a5b00000, 0x00000000a5b00000| Untracked 
|  92|0x00000000a5c00000, 0x00000000a5c00000, 0x00000000a5d00000|  0%| F|  |TAMS 0x00000000a5c00000, 0x00000000a5c00000| Untracked 
|  93|0x00000000a5d00000, 0x00000000a5d00000, 0x00000000a5e00000|  0%| F|  |TAMS 0x00000000a5d00000, 0x00000000a5d00000| Untracked 
|  94|0x00000000a5e00000, 0x00000000a5e00000, 0x00000000a5f00000|  0%| F|  |TAMS 0x00000000a5e00000, 0x00000000a5e00000| Untracked 
|  95|0x00000000a5f00000, 0x00000000a5f00000, 0x00000000a6000000|  0%| F|  |TAMS 0x00000000a5f00000, 0x00000000a5f00000| Untracked 
|  96|0x00000000a6000000, 0x00000000a6000000, 0x00000000a6100000|  0%| F|  |TAMS 0x00000000a6000000, 0x00000000a6000000| Untracked 
|  97|0x00000000a6100000, 0x00000000a6100000, 0x00000000a6200000|  0%| F|  |TAMS 0x00000000a6100000, 0x00000000a6100000| Untracked 
|  98|0x00000000a6200000, 0x00000000a6200000, 0x00000000a6300000|  0%| F|  |TAMS 0x00000000a6200000, 0x00000000a6200000| Untracked 
|  99|0x00000000a6300000, 0x00000000a6300000, 0x00000000a6400000|  0%| F|  |TAMS 0x00000000a6300000, 0x00000000a6300000| Untracked 
| 100|0x00000000a6400000, 0x00000000a6400000, 0x00000000a6500000|  0%| F|  |TAMS 0x00000000a6400000, 0x00000000a6400000| Untracked 
| 101|0x00000000a6500000, 0x00000000a6500000, 0x00000000a6600000|  0%| F|  |TAMS 0x00000000a6500000, 0x00000000a6500000| Untracked 
| 102|0x00000000a6600000, 0x00000000a6600000, 0x00000000a6700000|  0%| F|  |TAMS 0x00000000a6600000, 0x00000000a6600000| Untracked 
| 103|0x00000000a6700000, 0x00000000a6700000, 0x00000000a6800000|  0%| F|  |TAMS 0x00000000a6700000, 0x00000000a6700000| Untracked 
| 104|0x00000000a6800000, 0x00000000a6800000, 0x00000000a6900000|  0%| F|  |TAMS 0x00000000a6800000, 0x00000000a6800000| Untracked 
| 105|0x00000000a6900000, 0x00000000a6900000, 0x00000000a6a00000|  0%| F|  |TAMS 0x00000000a6900000, 0x00000000a6900000| Untracked 
| 106|0x00000000a6a00000, 0x00000000a6a00000, 0x00000000a6b00000|  0%| F|  |TAMS 0x00000000a6a00000, 0x00000000a6a00000| Untracked 
| 107|0x00000000a6b00000, 0x00000000a6b00000, 0x00000000a6c00000|  0%| F|  |TAMS 0x00000000a6b00000, 0x00000000a6b00000| Untracked 
| 108|0x00000000a6c00000, 0x00000000a6c00000, 0x00000000a6d00000|  0%| F|  |TAMS 0x00000000a6c00000, 0x00000000a6c00000| Untracked 
| 109|0x00000000a6d00000, 0x00000000a6d00000, 0x00000000a6e00000|  0%| F|  |TAMS 0x00000000a6d00000, 0x00000000a6d00000| Untracked 
| 110|0x00000000a6e00000, 0x00000000a6e00000, 0x00000000a6f00000|  0%| F|  |TAMS 0x00000000a6e00000, 0x00000000a6e00000| Untracked 
| 111|0x00000000a6f00000, 0x00000000a6f00000, 0x00000000a7000000|  0%| F|  |TAMS 0x00000000a6f00000, 0x00000000a6f00000| Untracked 
| 112|0x00000000a7000000, 0x00000000a7000000, 0x00000000a7100000|  0%| F|  |TAMS 0x00000000a7000000, 0x00000000a7000000| Untracked 
| 113|0x00000000a7100000, 0x00000000a7100000, 0x00000000a7200000|  0%| F|  |TAMS 0x00000000a7100000, 0x00000000a7100000| Untracked 
| 114|0x00000000a7200000, 0x00000000a7200000, 0x00000000a7300000|  0%| F|  |TAMS 0x00000000a7200000, 0x00000000a7200000| Untracked 
| 115|0x00000000a7300000, 0x00000000a7300000, 0x00000000a7400000|  0%| F|  |TAMS 0x00000000a7300000, 0x00000000a7300000| Untracked 
| 116|0x00000000a7400000, 0x00000000a7400000, 0x00000000a7500000|  0%| F|  |TAMS 0x00000000a7400000, 0x00000000a7400000| Untracked 
| 117|0x00000000a7500000, 0x00000000a7500000, 0x00000000a7600000|  0%| F|  |TAMS 0x00000000a7500000, 0x00000000a7500000| Untracked 
| 118|0x00000000a7600000, 0x00000000a7600000, 0x00000000a7700000|  0%| F|  |TAMS 0x00000000a7600000, 0x00000000a7600000| Untracked 
| 119|0x00000000a7700000, 0x00000000a7800000, 0x00000000a7800000|100%| E|  |TAMS 0x00000000a7700000, 0x00000000a7700000| Complete 
| 120|0x00000000a7800000, 0x00000000a7900000, 0x00000000a7900000|100%| E|CS|TAMS 0x00000000a7800000, 0x00000000a7800000| Complete 
| 121|0x00000000a7900000, 0x00000000a7a00000, 0x00000000a7a00000|100%| E|CS|TAMS 0x00000000a7900000, 0x00000000a7900000| Complete 
| 122|0x00000000a7a00000, 0x00000000a7b00000, 0x00000000a7b00000|100%| E|CS|TAMS 0x00000000a7a00000, 0x00000000a7a00000| Complete 
| 123|0x00000000a7b00000, 0x00000000a7c00000, 0x00000000a7c00000|100%| E|CS|TAMS 0x00000000a7b00000, 0x00000000a7b00000| Complete 
| 124|0x00000000a7c00000, 0x00000000a7d00000, 0x00000000a7d00000|100%| E|CS|TAMS 0x00000000a7c00000, 0x00000000a7c00000| Complete 
| 125|0x00000000a7d00000, 0x00000000a7e00000, 0x00000000a7e00000|100%| E|CS|TAMS 0x00000000a7d00000, 0x00000000a7d00000| Complete 

Card table byte_map: [0x000001671fa70000,0x000001671fd70000] _byte_map_base: 0x000001671f570000

Marking Bits (Prev, Next): (CMBitMap*) 0x000001670c989318, (CMBitMap*) 0x000001670c989350
 Prev Bits: [0x0000016720070000, 0x0000016721870000)
 Next Bits: [0x0000016721870000, 0x0000016723070000)

Polling page: 0x000001670a960000

Metaspace:

Usage:
  Non-class:     31.35 MB capacity,    30.93 MB ( 99%) used,   373.38 KB (  1%) free+waste,    57.31 KB ( <1%) overhead. 
      Class:      4.66 MB capacity,     4.43 MB ( 95%) used,   213.20 KB (  4%) free+waste,    26.25 KB ( <1%) overhead. 
       Both:     36.01 MB capacity,    35.35 MB ( 98%) used,   586.58 KB (  2%) free+waste,    83.56 KB ( <1%) overhead. 

Virtual space:
  Non-class space:       32.00 MB reserved,      31.38 MB ( 98%) committed 
      Class space:        1.00 GB reserved,       4.75 MB ( <1%) committed 
             Both:        1.03 GB reserved,      36.13 MB (  3%) committed 

Chunk freelists:
   Non-Class:  26.00 KB
       Class:  0 bytes
        Both:  26.00 KB

MaxMetaspaceSize: 17179869184.00 GB
CompressedClassSpaceSize: 1.00 GB

CodeHeap 'non-profiled nmethods': size=120000Kb used=1463Kb max_used=1463Kb free=118536Kb
 bounds [0x0000016717f10000, 0x0000016718180000, 0x000001671f440000]
CodeHeap 'profiled nmethods': size=120000Kb used=5982Kb max_used=5982Kb free=114018Kb
 bounds [0x00000167109e0000, 0x0000016710fc0000, 0x0000016717f10000]
CodeHeap 'non-nmethods': size=5760Kb used=2208Kb max_used=2240Kb free=3551Kb
 bounds [0x0000016710440000, 0x00000167106b0000, 0x00000167109e0000]
 total_blobs=3594 nmethods=2853 adapters=651
 compilation: enabled
              stopped_count=0, restarted_count=0
 full_count=0

Compilation events (20 events):
Event: 5.931 Thread 0x0000016725aea000 2776       1       java.util.TreeMap::size (5 bytes)
Event: 5.931 Thread 0x0000016725aea000 nmethod 2776 0x0000016718078c10 code [0x0000016718078dc0, 0x0000016718078e78]
Event: 5.932 Thread 0x0000016725aea000 2777       3       org.codehaus.groovy.util.ComplexKeyHashMap$1::next (5 bytes)
Event: 5.932 Thread 0x0000016725aea000 nmethod 2777 0x0000016710f7f990 code [0x0000016710f7fb40, 0x0000016710f7fc88]
Event: 5.932 Thread 0x0000016725aea000 2778       3       org.codehaus.groovy.reflection.CachedField::getModifiers (8 bytes)
Event: 5.932 Thread 0x0000016725aea000 nmethod 2778 0x0000016710f7fd10 code [0x0000016710f7fec0, 0x0000016710f7ffd8]
Event: 5.934 Thread 0x0000016725aea000 2779       3       org.codehaus.groovy.reflection.CachedClass::getMethods (11 bytes)
Event: 5.934 Thread 0x0000016725aea000 nmethod 2779 0x0000016710f80090 code [0x0000016710f80260, 0x0000016710f80508]
Event: 5.934 Thread 0x0000016725aea000 2780       3       org.codehaus.groovy.reflection.CachedClass::getName (8 bytes)
Event: 5.934 Thread 0x0000016725aea000 nmethod 2780 0x0000016710f80610 code [0x0000016710f807e0, 0x0000016710f809e8]
Event: 5.934 Thread 0x0000016725aea000 2781       3       groovy.lang.MetaClassImpl::establishStaticMetaProperty (262 bytes)
Event: 5.935 Thread 0x0000016725ae6000 nmethod 2761 0x0000016718078f10 code [0x00000167180790e0, 0x0000016718079898]
Event: 5.935 Thread 0x0000016725ae6000 2769       4       java.lang.invoke.MethodType::hashCode (53 bytes)
Event: 5.935 Thread 0x0000016725aea000 nmethod 2781 0x0000016710f80b10 code [0x0000016710f80de0, 0x0000016710f82398]
Event: 5.936 Thread 0x0000016725ae6000 nmethod 2769 0x0000016718079b90 code [0x0000016718079d40, 0x0000016718079ed8]
Event: 5.936 Thread 0x0000016725ae6000 2773       4       jdk.internal.org.objectweb.asm.ByteVector::putByte (39 bytes)
Event: 5.937 Thread 0x0000016725ae6000 nmethod 2773 0x000001671807a090 code [0x000001671807a240, 0x000001671807a368]
Event: 5.942 Thread 0x0000016725ae6000 2782       4       java.util.Collections$SetFromMap::add (22 bytes)
Event: 5.943 Thread 0x0000016725ae6000 nmethod 2782 0x000001671807a490 code [0x000001671807a640, 0x000001671807a708]
Event: 5.944 Thread 0x0000016725aea000 2783   !   3       java.net.URL::<init> (543 bytes)

GC Heap History (10 events):
Event: 0.782 GC heap before
{Heap before GC invocations=0 (full 0):
 garbage-first heap   total 129024K, used 29696K [0x00000000a0000000, 0x0000000100000000)
  region size 1024K, 24 young (24576K), 0 survivors (0K)
 Metaspace       used 10769K, capacity 11050K, committed 11264K, reserved 1058816K
  class space    used 1137K, capacity 1194K, committed 1280K, reserved 1048576K
}
Event: 0.786 GC heap after
{Heap after GC invocations=1 (full 0):
 garbage-first heap   total 129024K, used 8702K [0x00000000a0000000, 0x0000000100000000)
  region size 1024K, 3 young (3072K), 3 survivors (3072K)
 Metaspace       used 10769K, capacity 11050K, committed 11264K, reserved 1058816K
  class space    used 1137K, capacity 1194K, committed 1280K, reserved 1048576K
}
Event: 3.996 GC heap before
{Heap before GC invocations=1 (full 0):
 garbage-first heap   total 129024K, used 81406K [0x00000000a0000000, 0x0000000100000000)
  region size 1024K, 75 young (76800K), 3 survivors (3072K)
 Metaspace       used 19817K, capacity 20319K, committed 20608K, reserved 1067008K
  class space    used 2446K, capacity 2585K, committed 2688K, reserved 1048576K
}
Event: 4.001 GC heap after
{Heap after GC invocations=2 (full 0):
 garbage-first heap   total 129024K, used 15839K [0x00000000a0000000, 0x0000000100000000)
  region size 1024K, 10 young (10240K), 10 survivors (10240K)
 Metaspace       used 19817K, capacity 20319K, committed 20608K, reserved 1067008K
  class space    used 2446K, capacity 2585K, committed 2688K, reserved 1048576K
}
Event: 4.141 GC heap before
{Heap before GC invocations=2 (full 0):
 garbage-first heap   total 129024K, used 21983K [0x00000000a0000000, 0x0000000100000000)
  region size 1024K, 17 young (17408K), 10 survivors (10240K)
 Metaspace       used 20630K, capacity 21125K, committed 21248K, reserved 1067008K
  class space    used 2585K, capacity 2731K, committed 2816K, reserved 1048576K
}
Event: 4.147 GC heap after
{Heap after GC invocations=3 (full 0):
 garbage-first heap   total 129024K, used 16019K [0x00000000a0000000, 0x0000000100000000)
  region size 1024K, 1 young (1024K), 1 survivors (1024K)
 Metaspace       used 20630K, capacity 21125K, committed 21248K, reserved 1067008K
  class space    used 2585K, capacity 2731K, committed 2816K, reserved 1048576K
}
Event: 4.941 GC heap before
{Heap before GC invocations=4 (full 0):
 garbage-first heap   total 129024K, used 71315K [0x00000000a0000000, 0x0000000100000000)
  region size 1024K, 46 young (47104K), 1 survivors (1024K)
 Metaspace       used 29317K, capacity 29845K, committed 30080K, reserved 1075200K
  class space    used 3718K, capacity 3943K, committed 3968K, reserved 1048576K
}
Event: 4.944 GC heap after
{Heap after GC invocations=5 (full 0):
 garbage-first heap   total 129024K, used 30674K [0x00000000a0000000, 0x0000000100000000)
  region size 1024K, 5 young (5120K), 5 survivors (5120K)
 Metaspace       used 29317K, capacity 29845K, committed 30080K, reserved 1075200K
  class space    used 3718K, capacity 3943K, committed 3968K, reserved 1048576K
}
Event: 5.836 GC heap before
{Heap before GC invocations=5 (full 0):
 garbage-first heap   total 129024K, used 72658K [0x00000000a0000000, 0x0000000100000000)
  region size 1024K, 45 young (46080K), 5 survivors (5120K)
 Metaspace       used 35110K, capacity 35722K, committed 35840K, reserved 1081344K
  class space    used 4426K, capacity 4640K, committed 4736K, reserved 1048576K
}
Event: 5.843 GC heap after
{Heap after GC invocations=6 (full 0):
 garbage-first heap   total 129024K, used 33578K [0x00000000a0000000, 0x0000000100000000)
  region size 1024K, 3 young (3072K), 3 survivors (3072K)
 Metaspace       used 35110K, capacity 35722K, committed 35840K, reserved 1081344K
  class space    used 4426K, capacity 4640K, committed 4736K, reserved 1048576K
}

Deoptimization events (20 events):
Event: 5.776 Thread 0x0000016728380000 Uncommon trap: trap_request=0xffffffbe fr.pc=0x000001671805d634 relative=0x00000000000007d4
Event: 5.776 Thread 0x0000016728380000 Uncommon trap: reason=profile_predicate action=maybe_recompile pc=0x000001671805d634 method=java.lang.PublicMethods$MethodList.filter([Ljava/lang/reflect/Method;Ljava/lang/String;[Ljava/lang/Class;Z)Ljava/lang/PublicMethods$MethodList; @ 21 c2
Event: 5.776 Thread 0x0000016728380000 DEOPT PACKING pc=0x000001671805d634 sp=0x0000003ba04f8990
Event: 5.776 Thread 0x0000016728380000 DEOPT UNPACKING pc=0x00000167104483af sp=0x0000003ba04f8948 mode 2
Event: 5.777 Thread 0x0000016728380000 Uncommon trap: trap_request=0xffffff4d fr.pc=0x000001671805fbf8 relative=0x0000000000000318
Event: 5.777 Thread 0x0000016728380000 Uncommon trap: reason=unstable_if action=reinterpret pc=0x000001671805fbf8 method=org.gradle.internal.reflect.PropertyAccessorType.isGetGetterName(Ljava/lang/String;)Z @ 14 c2
Event: 5.777 Thread 0x0000016728380000 DEOPT PACKING pc=0x000001671805fbf8 sp=0x0000003ba04fa730
Event: 5.777 Thread 0x0000016728380000 DEOPT UNPACKING pc=0x00000167104483af sp=0x0000003ba04fa690 mode 2
Event: 5.778 Thread 0x0000016728380000 Uncommon trap: trap_request=0xffffff6e fr.pc=0x000001671805b760 relative=0x00000000000007a0
Event: 5.778 Thread 0x0000016728380000 Uncommon trap: reason=speculate_class_check action=maybe_recompile pc=0x000001671805b760 method=java.lang.reflect.Executable.declaredAnnotations()Ljava/util/Map; @ 23 c2
Event: 5.778 Thread 0x0000016728380000 DEOPT PACKING pc=0x000001671805b760 sp=0x0000003ba04fa660
Event: 5.778 Thread 0x0000016728380000 DEOPT UNPACKING pc=0x00000167104483af sp=0x0000003ba04fa5a0 mode 2
Event: 5.905 Thread 0x0000016728380000 Uncommon trap: trap_request=0xffffffde fr.pc=0x000001671802d7f0 relative=0x00000000000041f0
Event: 5.905 Thread 0x0000016728380000 Uncommon trap: reason=class_check action=maybe_recompile pc=0x000001671802d7f0 method=jdk.internal.loader.URLClassPath.getLoader(I)Ljdk/internal/loader/URLClassPath$Loader; @ 88 c2
Event: 5.905 Thread 0x0000016728380000 DEOPT PACKING pc=0x000001671802d7f0 sp=0x0000003ba04f9890
Event: 5.905 Thread 0x0000016728380000 DEOPT UNPACKING pc=0x00000167104483af sp=0x0000003ba04f98b0 mode 2
Event: 5.905 Thread 0x0000016728380000 Uncommon trap: trap_request=0xffffff4d fr.pc=0x000001671803e73c relative=0x000000000000441c
Event: 5.905 Thread 0x0000016728380000 Uncommon trap: reason=unstable_if action=reinterpret pc=0x000001671803e73c method=java.lang.String.regionMatches(ZILjava/lang/String;II)Z @ 36 c2
Event: 5.905 Thread 0x0000016728380000 DEOPT PACKING pc=0x000001671803e73c sp=0x0000003ba04f97d0
Event: 5.905 Thread 0x0000016728380000 DEOPT UNPACKING pc=0x00000167104483af sp=0x0000003ba04f96f8 mode 2

Classes redefined (0 events):
No events

Internal exceptions (20 events):
Event: 5.241 Thread 0x0000016728380000 Exception <a 'java/lang/ClassNotFoundException'{0x00000000a721dad0}: org/gradle/initialization/DefaultSettings_DecoratedBeanInfo> (0x00000000a721dad0) thrown at [./src/hotspot/share/classfile/systemDictionary.cpp, line 231]
Event: 5.243 Thread 0x0000016728380000 Exception <a 'java/lang/ClassNotFoundException'{0x00000000a723e490}: org/gradle/initialization/DefaultSettingsBeanInfo> (0x00000000a723e490) thrown at [./src/hotspot/share/classfile/systemDictionary.cpp, line 231]
Event: 5.245 Thread 0x0000016728380000 Exception <a 'java/lang/ClassNotFoundException'{0x00000000a7261d70}: org/gradle/api/internal/project/AbstractPluginAwareBeanInfo> (0x00000000a7261d70) thrown at [./src/hotspot/share/classfile/systemDictionary.cpp, line 231]
Event: 5.246 Thread 0x0000016728380000 Exception <a 'java/lang/ClassNotFoundException'{0x00000000a7285970}: org/gradle/api/internal/project/AbstractPluginAwareCustomizer> (0x00000000a7285970) thrown at [./src/hotspot/share/classfile/systemDictionary.cpp, line 231]
Event: 5.251 Thread 0x0000016728380000 Exception <a 'java/lang/ClassNotFoundException'{0x00000000a72add48}: org/gradle/initialization/DefaultSettingsCustomizer> (0x00000000a72add48) thrown at [./src/hotspot/share/classfile/systemDictionary.cpp, line 231]
Event: 5.259 Thread 0x0000016728380000 Exception <a 'java/lang/ClassNotFoundException'{0x00000000a72f7010}: org/gradle/initialization/DefaultSettings_DecoratedCustomizer> (0x00000000a72f7010) thrown at [./src/hotspot/share/classfile/systemDictionary.cpp, line 231]
Event: 5.273 Thread 0x0000016728380000 Exception <a 'java/lang/ClassNotFoundException'{0x00000000a7194960}: org/gradle/initialization/DefaultProjectDescriptorBeanInfo> (0x00000000a7194960) thrown at [./src/hotspot/share/classfile/systemDictionary.cpp, line 231]
Event: 5.275 Thread 0x0000016728380000 Exception <a 'java/lang/ClassNotFoundException'{0x00000000a71b5a18}: org/gradle/initialization/DefaultProjectDescriptorCustomizer> (0x00000000a71b5a18) thrown at [./src/hotspot/share/classfile/systemDictionary.cpp, line 231]
Event: 5.553 Thread 0x0000016728380000 Implicit null exception at 0x0000016717fded75 to 0x0000016717fdef3c
Event: 5.565 Thread 0x0000016728380000 Implicit null exception at 0x0000016717f2672f to 0x0000016717f2679d
Event: 5.636 Thread 0x0000016728380000 Implicit null exception at 0x0000016717fd3374 to 0x0000016717fd3584
Event: 5.636 Thread 0x0000016728380000 Implicit null exception at 0x0000016717f3e778 to 0x0000016717f3e80a
Event: 5.912 Thread 0x0000016728380000 Exception <a 'java/lang/ClassNotFoundException'{0x00000000a7b0be90}: build_88zjb5r351qcvmx8757otcz2eBeanInfo> (0x00000000a7b0be90) thrown at [./src/hotspot/share/classfile/systemDictionary.cpp, line 231]
Event: 5.912 Thread 0x0000016728380000 Exception <a 'java/lang/ClassNotFoundException'{0x00000000a7b1b468}: org/gradle/api/internal/project/ProjectScriptBeanInfo> (0x00000000a7b1b468) thrown at [./src/hotspot/share/classfile/systemDictionary.cpp, line 231]
Event: 5.912 Thread 0x0000016728380000 Exception <a 'java/lang/ClassNotFoundException'{0x00000000a7b2aa50}: org/gradle/api/internal/project/ProjectScriptCustomizer> (0x00000000a7b2aa50) thrown at [./src/hotspot/share/classfile/systemDictionary.cpp, line 231]
Event: 5.914 Thread 0x0000016728380000 Exception <a 'java/lang/ClassNotFoundException'{0x00000000a7b441d8}: build_88zjb5r351qcvmx8757otcz2eCustomizer> (0x00000000a7b441d8) thrown at [./src/hotspot/share/classfile/systemDictionary.cpp, line 231]
Event: 5.921 Thread 0x0000016728380000 Exception <a 'java/lang/ClassNotFoundException'{0x00000000a7bcb690}: groovy/lang/Closure$1BeanInfo> (0x00000000a7bcb690) thrown at [./src/hotspot/share/classfile/systemDictionary.cpp, line 231]
Event: 5.922 Thread 0x0000016728380000 Exception <a 'java/lang/ClassNotFoundException'{0x00000000a7be2648}: groovy/lang/ClosureBeanInfo> (0x00000000a7be2648) thrown at [./src/hotspot/share/classfile/systemDictionary.cpp, line 231]
Event: 5.922 Thread 0x0000016728380000 Exception <a 'java/lang/ClassNotFoundException'{0x00000000a7bf9200}: groovy/lang/ClosureCustomizer> (0x00000000a7bf9200) thrown at [./src/hotspot/share/classfile/systemDictionary.cpp, line 231]
Event: 5.925 Thread 0x0000016728380000 Exception <a 'java/lang/ClassNotFoundException'{0x00000000a7a2d2b0}: groovy/lang/Closure$1Customizer> (0x00000000a7a2d2b0) thrown at [./src/hotspot/share/classfile/systemDictionary.cpp, line 231]

Events (20 events):
Event: 5.942 loading class sun/reflect/MagicAccessorImpl
Event: 5.942 loading class sun/reflect/MagicAccessorImpl done
Event: 5.942 loading class org/codehaus/groovy/runtime/callsite/GroovySunClassLoader$1
Event: 5.942 loading class org/codehaus/groovy/runtime/callsite/GroovySunClassLoader$1 done
Event: 5.943 loading class org/codehaus/groovy/reflection/android/AndroidSupport
Event: 5.943 loading class org/codehaus/groovy/reflection/android/AndroidSupport done
Event: 5.943 loading class android/app/Activity
Event: 5.943 loading class android/app/Activity done
Event: 5.943 loading class org/codehaus/groovy/classgen/GeneratorContext
Event: 5.943 loading class org/codehaus/groovy/classgen/GeneratorContext done
Event: 5.944 loading class groovyjarjarasm/asm/AnnotationVisitor
Event: 5.944 loading class groovyjarjarasm/asm/AnnotationVisitor done
Event: 5.945 loading class groovyjarjarasm/asm/AnnotationWriter
Event: 5.945 loading class groovyjarjarasm/asm/AnnotationWriter done
Event: 5.946 loading class groovyjarjarasm/asm/ModuleVisitor
Event: 5.946 loading class groovyjarjarasm/asm/ModuleVisitor done
Event: 5.946 loading class groovyjarjarasm/asm/ModuleWriter
Event: 5.946 loading class groovyjarjarasm/asm/ModuleWriter done
Event: 5.946 loading class groovyjarjarasm/asm/FieldVisitor
Event: 5.946 loading class groovyjarjarasm/asm/FieldVisitor done


Dynamic libraries:
0x00007ff629a20000 - 0x00007ff629a2a000 	E:\Tools\androidStudio\jre\bin\java.exe
0x00007ffe08c30000 - 0x00007ffe08e25000 	C:\WINDOWS\SYSTEM32\ntdll.dll
0x00007ffe06c80000 - 0x00007ffe06d3e000 	C:\WINDOWS\System32\KERNEL32.DLL
0x00007ffe06750000 - 0x00007ffe06a18000 	C:\WINDOWS\System32\KERNELBASE.dll
0x00007ffe06b80000 - 0x00007ffe06c80000 	C:\WINDOWS\System32\ucrtbase.dll
0x00007ffddbb40000 - 0x00007ffddbb57000 	E:\Tools\androidStudio\jre\bin\VCRUNTIME140.dll
0x00007ffdd6a40000 - 0x00007ffdd6a59000 	E:\Tools\androidStudio\jre\bin\jli.dll
0x00007ffe08090000 - 0x00007ffe08231000 	C:\WINDOWS\System32\USER32.dll
0x00007ffe064b0000 - 0x00007ffe064d2000 	C:\WINDOWS\System32\win32u.dll
0x00007ffdf1180000 - 0x00007ffdf141a000 	C:\WINDOWS\WinSxS\amd64_microsoft.windows.common-controls_6595b64144ccf1df_6.0.19041.1110_none_60b5254171f9507e\COMCTL32.dll
0x00007ffe07050000 - 0x00007ffe070ee000 	C:\WINDOWS\System32\msvcrt.dll
0x00007ffe07e60000 - 0x00007ffe07e8b000 	C:\WINDOWS\System32\GDI32.dll
0x00007ffe065e0000 - 0x00007ffe066eb000 	C:\WINDOWS\System32\gdi32full.dll
0x00007ffe06350000 - 0x00007ffe063ed000 	C:\WINDOWS\System32\msvcp_win.dll
0x00007ffe08bc0000 - 0x00007ffe08bf0000 	C:\WINDOWS\System32\IMM32.DLL
0x00007ffdc3370000 - 0x00007ffdc340d000 	E:\Tools\androidStudio\jre\bin\msvcp140.dll
0x00007ffda5140000 - 0x00007ffda5c0f000 	E:\Tools\androidStudio\jre\bin\server\jvm.dll
0x00007ffe07540000 - 0x00007ffe075ec000 	C:\WINDOWS\System32\ADVAPI32.dll
0x00007ffe070f0000 - 0x00007ffe0718b000 	C:\WINDOWS\System32\sechost.dll
0x00007ffe06de0000 - 0x00007ffe06f0a000 	C:\WINDOWS\System32\RPCRT4.dll
0x00007ffe06d40000 - 0x00007ffe06d48000 	C:\WINDOWS\System32\PSAPI.DLL
0x00007ffdf08b0000 - 0x00007ffdf08d7000 	C:\WINDOWS\SYSTEM32\WINMM.dll
0x00007ffdfa260000 - 0x00007ffdfa26a000 	C:\WINDOWS\SYSTEM32\VERSION.dll
0x00007ffde5fb0000 - 0x00007ffde5fb9000 	C:\WINDOWS\SYSTEM32\WSOCK32.dll
0x00007ffe08a30000 - 0x00007ffe08a9b000 	C:\WINDOWS\System32\WS2_32.dll
0x00007ffe04bd0000 - 0x00007ffe04be2000 	C:\WINDOWS\SYSTEM32\kernel.appcore.dll
0x00007ffde75e0000 - 0x00007ffde75f1000 	E:\Tools\androidStudio\jre\bin\verify.dll
0x00007ffe03fa0000 - 0x00007ffe04184000 	C:\WINDOWS\SYSTEM32\DBGHELP.DLL
0x00007ffdefd50000 - 0x00007ffdefd7c000 	C:\WINDOWS\SYSTEM32\dbgcore.DLL
0x00007ffe06420000 - 0x00007ffe064a3000 	C:\WINDOWS\System32\bcryptPrimitives.dll
0x00007ffde6280000 - 0x00007ffde62a9000 	E:\Tools\androidStudio\jre\bin\java.dll
0x00007ffe01100000 - 0x00007ffe0110b000 	E:\Tools\androidStudio\jre\bin\jimage.dll
0x00007ffde7060000 - 0x00007ffde7078000 	E:\Tools\androidStudio\jre\bin\zip.dll
0x00007ffe082f0000 - 0x00007ffe08a2f000 	C:\WINDOWS\System32\SHELL32.dll
0x00007ffe04430000 - 0x00007ffe04bc0000 	C:\WINDOWS\SYSTEM32\windows.storage.dll
0x00007ffe07600000 - 0x00007ffe07955000 	C:\WINDOWS\System32\combase.dll
0x00007ffe05da0000 - 0x00007ffe05dce000 	C:\WINDOWS\SYSTEM32\Wldp.dll
0x00007ffe08240000 - 0x00007ffe082ed000 	C:\WINDOWS\System32\SHCORE.dll
0x00007ffe07f40000 - 0x00007ffe07f95000 	C:\WINDOWS\System32\shlwapi.dll
0x00007ffe06290000 - 0x00007ffe062af000 	C:\WINDOWS\SYSTEM32\profapi.dll
0x00007ffde7020000 - 0x00007ffde703a000 	E:\Tools\androidStudio\jre\bin\net.dll
0x00007ffdfcb70000 - 0x00007ffdfcc7c000 	C:\WINDOWS\SYSTEM32\WINHTTP.dll
0x00007ffe05b00000 - 0x00007ffe05b6a000 	C:\WINDOWS\system32\mswsock.dll
0x00007ffde6ce0000 - 0x00007ffde6cf4000 	E:\Tools\androidStudio\jre\bin\nio.dll
0x00007ffde6d40000 - 0x00007ffde6d66000 	C:\Users\CS\.gradle\native\30\windows-amd64\native-platform.dll
0x00007ffdfc520000 - 0x00007ffdfc52a000 	E:\Tools\androidStudio\jre\bin\management.dll
0x00007ffdfc140000 - 0x00007ffdfc14c000 	E:\Tools\androidStudio\jre\bin\management_ext.dll
0x00007ffe05cf0000 - 0x00007ffe05d08000 	C:\WINDOWS\SYSTEM32\CRYPTSP.dll
0x00007ffe05410000 - 0x00007ffe05444000 	C:\WINDOWS\system32\rsaenh.dll
0x00007ffe063f0000 - 0x00007ffe06417000 	C:\WINDOWS\System32\bcrypt.dll
0x00007ffe06210000 - 0x00007ffe0623e000 	C:\WINDOWS\SYSTEM32\USERENV.dll
0x00007ffe05d10000 - 0x00007ffe05d1c000 	C:\WINDOWS\SYSTEM32\CRYPTBASE.dll
0x00007ffe057a0000 - 0x00007ffe057db000 	C:\WINDOWS\SYSTEM32\IPHLPAPI.DLL
0x00007ffe07fa0000 - 0x00007ffe07fa8000 	C:\WINDOWS\System32\NSI.dll
0x00007ffdf9210000 - 0x00007ffdf9227000 	C:\WINDOWS\SYSTEM32\dhcpcsvc6.DLL
0x00007ffdfa270000 - 0x00007ffdfa28d000 	C:\WINDOWS\SYSTEM32\dhcpcsvc.DLL
0x00007ffe05830000 - 0x00007ffe058fb000 	C:\WINDOWS\SYSTEM32\DNSAPI.dll

dbghelp: loaded successfully - version: 4.0.5 - missing functions: none
symbol engine: initialized successfully - sym options: 0x614 - pdb path: .;E:\Tools\androidStudio\jre\bin;C:\WINDOWS\SYSTEM32;C:\WINDOWS\WinSxS\amd64_microsoft.windows.common-controls_6595b64144ccf1df_6.0.19041.1110_none_60b5254171f9507e;E:\Tools\androidStudio\jre\bin\server;C:\Users\CS\.gradle\native\30\windows-amd64

VM Arguments:
jvm_args: --add-opens=java.base/java.util=ALL-UNNAMED --add-opens=java.base/java.lang=ALL-UNNAMED --add-opens=java.base/java.lang.invoke=ALL-UNNAMED --add-opens=java.prefs/java.util.prefs=ALL-UNNAMED -Xmx1536m -Dfile.encoding=x-windows-949 -Duser.country=KR -Duser.language=ko -Duser.variant 
java_command: org.gradle.launcher.daemon.bootstrap.GradleDaemon 5.6.4
java_class_path (initial): C:\Users\CS\.gradle\wrapper\dists\gradle-5.6.4-bin\bxirm19lnfz6nurbatndyydux\gradle-5.6.4\lib\gradle-launcher-5.6.4.jar
Launcher Type: SUN_STANDARD

[Global flags]
     intx CICompilerCount                          = 4                                         {product} {ergonomic}
     uint ConcGCThreads                            = 2                                         {product} {ergonomic}
     uint G1ConcRefinementThreads                  = 8                                         {product} {ergonomic}
   size_t G1HeapRegionSize                         = 1048576                                   {product} {ergonomic}
    uintx GCDrainStackTargetSize                   = 64                                        {product} {ergonomic}
   size_t InitialHeapSize                          = 132120576                                 {product} {ergonomic}
   size_t MarkStackSize                            = 4194304                                   {product} {ergonomic}
   size_t MaxHeapSize                              = 1610612736                                {product} {command line}
   size_t MaxNewSize                               = 965738496                                 {product} {ergonomic}
   size_t MinHeapDeltaBytes                        = 1048576                                   {product} {ergonomic}
    uintx NonNMethodCodeHeapSize                   = 5836300                                {pd product} {ergonomic}
    uintx NonProfiledCodeHeapSize                  = 122910970                              {pd product} {ergonomic}
    uintx ProfiledCodeHeapSize                     = 122910970                              {pd product} {ergonomic}
    uintx ReservedCodeCacheSize                    = 251658240                              {pd product} {ergonomic}
     bool SegmentedCodeCache                       = true                                      {product} {ergonomic}
     bool UseCompressedClassPointers               = true                                 {lp64_product} {ergonomic}
     bool UseCompressedOops                        = true                                 {lp64_product} {ergonomic}
     bool UseG1GC                                  = true                                      {product} {ergonomic}
     bool UseLargePagesIndividualAllocation        = false                                  {pd product} {ergonomic}

Logging:
Log output configuration:
 #0: stdout all=warning uptime,level,tags
 #1: stderr all=off uptime,level,tags

Environment Variables:
JAVA_HOME=C:\Program Files\Java\jdk-14.0.1
CLASSPATH=C:\Program Files\Java\jdk1.8.0_291\jre\bin\server\lib;.
PATH=C:\Program Files (x86)\Common Files\Oracle\Java\javapath;C:\Program Files (x86)\VMware\VMware Player\bin\;C:\Program Files (x86)\NAT Service;C:\windows\system32;C:\windows;C:\windows\System32\Wbem;C:\windows\System32\WindowsPowerShell\v1.0\;C:\windows\System32\OpenSSH\;C:\Program Files (x86)\NVIDIA Corporation\PhysX\Common;C:\Program Files\NVIDIA Corporation\NVIDIA NvDLISR;C:\Program Files\Intel\WiFi\bin\;C:\Program Files\Common Files\Intel\WirelessCommon\;C:\Program Files\PuTTY\;C:\Program Files\ojdkbuild\java-1.8.0-openjdk-1.8.0.252-2\bin;C:\Program Files\ojdkbuild\java-1.8.0-openjdk-1.8.0.252-2\jre\bin;C:\Program Files\ojdkbuild\java-1.8.0-openjdk-1.8.0.252-2;C:\Program Files\Git\cmd;C:\Users\CS;C:\Program Files\Java\jdk-14.0.1;C:\Program Files\Java\jdk-14.0.1\bin;C:\Program Files\Java\jdk1.8.0_291\jre\bin\server\bin;C:\Program Files\nodejs\;E:\Tools\AndroidStudio\jre\bin;E:\Tools\AndroidStudio;E:\Tools\SDK;C:\Program Files (x86)\Windows Live\Shared;C:\Program Files (x86)\IVI Foundation\VISA\WinNT\Bin;C:\WINDOWS\system32;C:\WINDOWS;C:\WINDOWS\System32\Wbem;C:\WINDOWS\System32\WindowsPowerShell\v1.0\;C:\WINDOWS\System32\OpenSSH\;C:\Program Files\javaJDK\java-1.8.0-openjdk-1.8.0.252-2\jre\bin;C:\Program Files\javaJDK\java-1.8.0-openjdk-1.8.0.252-2\jre;C:\Program Files\javaJDK\java-1.8.0-openjdk-1.8.0.252-2;;C:\Program Files\Git LFS;C:\Users\CS\AppData\Local\Programs\Python\Python38-32\Scripts\;C:\Users\CS\AppData\Local\Programs\Python\Python38-32\;C:\Users\CS\AppData\Local\Microsoft\WindowsApps;C:\Users\CS\AppData\Local\Programs\Microsoft VS Code\bin;C:\Program Files\Bandizip\;C:\Users\CS\AppData\Local\atom\bin;C:\Users\CS\AppData\Roaming\npm;E:\Tools\SDK\platform-tools;E:\Tools\SDK\emulator;E:\Tools\SDK\tools;E:\Tools\SDK\build-tools;E:\Tools\SDK;C:\Program Files\Java;;C:\Users\CS\AppData\Local\Microsoft\WindowsApps;C:\Program Files (x86)\Nmap;C:\Program Files\JetBrains\PyCharm 2021.1.2\bin;;C:\Program Files\JetBrains\PyCharm Community Edition 2021.1.2\bin;
USERNAME=CS
OS=Windows_NT
PROCESSOR_IDENTIFIER=Intel64 Family 6 Model 126 Stepping 5, GenuineIntel



---------------  S Y S T E M  ---------------

OS: Windows 10 , 64 bit Build 19041 (10.0.19041.1348)
OS uptime: 4 days 20:45 hours

CPU:total 8 (initial active 8) (4 cores per cpu, 2 threads per core) family 6 model 126 stepping 5 microcode 0xa0, cmov, cx8, fxsr, mmx, sse, sse2, sse3, ssse3, sse4.1, sse4.2, popcnt, avx, avx2, aes, clmul, erms, 3dnowpref, lzcnt, ht, tsc, tscinvbit, bmi1, bmi2, adx, evex, sha, fma

Memory: 4k page, system-wide physical 7953M (41M free)
TotalPageFile size 16804M (AvailPageFile size 0M)
current process WorkingSet (physical memory assigned to process): 254M, peak: 254M
current process commit charge ("private bytes"): 303M, peak: 307M

vm_info: OpenJDK 64-Bit Server VM (11.0.10+0-b96-7249189) for windows-amd64 JRE (11.0.10+0-b96-7249189), built on Mar 31 2021 21:44:00 by "builder" with MS VC++ 14.0 (VS2015)

END.
